<?xml version="1.0" encoding="UTF-8"?>
<testsuite xmlns:xsi="http://www.w3.org/2001/XMLSchema-instance" xsi:noNamespaceSchemaLocation="https://maven.apache.org/surefire/maven-surefire-plugin/xsd/surefire-test-report-3.0.xsd" version="3.0" name="com.apple.springboot.SpringbootApplicationTests" time="21.509" tests="1" errors="0" skipped="0" failures="0">
  <properties>
[...]
</properties>
  <testcase name="contextLoads" classname="com.apple.springboot.SpringbootApplicationTests" time="0.969">
    <system-out><![CDATA[Standard Commons Logging discovery in action with spring-jcl: please remove commons-logging.jar from classpath in order to avoid potential conflicts
15:12:18.616 [main] INFO org.springframework.test.context.support.AnnotationConfigContextLoaderUtils -- Could not detect default configuration classes for test class [com.apple.springboot.SpringbootApplicationTests]: SpringbootApplicationTests does not declare any static, non-private, non-final, nested classes annotated with @Configuration.
15:12:18.850 [main] INFO org.springframework.boot.test.context.SpringBootTestContextBootstrapper -- Found @SpringBootConfiguration com.apple.springboot.SpringbootApplication for test class com.apple.springboot.SpringbootApplicationTests

  .   ____          _            __ _ _
 /\\ / ___'_ __ _ _(_)_ __  __ _ \ \ \ \
( ( )\___ | '_ | '_| | '_ \/ _` | \ \ \ \
 \\/  ___)| |_)| | | | | || (_| |  ) ) ) )
  '  |____| .__|_| |_|_| |_\__, | / / / /
 =========|_|==============|___/=/_/_/_/

 :: Spring Boot ::                (v3.4.5)

2025-09-10T15:12:19.674-07:00  INFO 95963 --- [           main] c.a.s.SpringbootApplicationTests         : Starting SpringbootApplicationTests using Java 21.0.8 with PID 95963 (started by darshanchipade in /Users/darshanchipade/Documents/GitHub/springboot-multisource)
2025-09-10T15:12:19.676-07:00 DEBUG 95963 --- [           main] c.a.s.SpringbootApplicationTests         : Running with Spring Boot v3.4.5, Spring v6.2.6
2025-09-10T15:12:19.677-07:00  INFO 95963 --- [           main] c.a.s.SpringbootApplicationTests         : No active profile set, falling back to 1 default profile: "default"
2025-09-10T15:12:21.524-07:00  INFO 95963 --- [           main] .s.d.r.c.RepositoryConfigurationDelegate : Bootstrapping Spring Data JPA repositories in DEFAULT mode.
2025-09-10T15:12:21.780-07:00  INFO 95963 --- [           main] .s.d.r.c.RepositoryConfigurationDelegate : Finished Spring Data repository scanning in 215 ms. Found 6 JPA repository interfaces.
2025-09-10T15:12:24.656-07:00  INFO 95963 --- [           main] o.hibernate.jpa.internal.util.LogHelper  : HHH000204: Processing PersistenceUnitInfo [name: default]
2025-09-10T15:12:24.708-07:00  INFO 95963 --- [           main] org.hibernate.Version                    : HHH000412: Hibernate ORM core version 6.6.13.Final
2025-09-10T15:12:24.740-07:00  INFO 95963 --- [           main] o.h.c.internal.RegionFactoryInitiator    : HHH000026: Second-level cache disabled
2025-09-10T15:12:24.870-07:00  INFO 95963 --- [           main] com.zaxxer.hikari.HikariDataSource       : HikariPool-1 - Starting...
2025-09-10T15:12:25.010-07:00  INFO 95963 --- [           main] com.zaxxer.hikari.pool.HikariPool        : HikariPool-1 - Added connection org.postgresql.jdbc.PgConnection@229cb4d8
2025-09-10T15:12:25.011-07:00  INFO 95963 --- [           main] com.zaxxer.hikari.HikariDataSource       : HikariPool-1 - Start completed.
2025-09-10T15:12:25.076-07:00  WARN 95963 --- [           main] org.hibernate.orm.deprecation            : HHH90000025: PostgreSQLDialect does not need to be specified explicitly using 'hibernate.dialect' (remove the property setting and it will be selected by default)
2025-09-10T15:12:25.099-07:00  INFO 95963 --- [           main] org.hibernate.orm.connections.pooling    : HHH10001005: Database info:
	Database JDBC URL [Connecting through datasource 'HikariDataSource (HikariPool-1)']
	Database driver: undefined/unknown
	Database version: 15.12
	Autocommit mode: undefined/unknown
	Isolation level: undefined/unknown
	Minimum pool size: undefined/unknown
	Maximum pool size: undefined/unknown
2025-09-10T15:12:25.437-07:00  INFO 95963 --- [           main] o.s.o.j.p.SpringPersistenceUnitInfo      : No LoadTimeWeaver setup: ignoring JPA class transformer
2025-09-10T15:12:27.470-07:00  INFO 95963 --- [           main] o.h.e.t.j.p.i.JtaPlatformInitiator       : HHH000489: No JTA platform available (set 'hibernate.transaction.jta.platform' to enable JTA platform integration)
2025-09-10T15:12:27.712-07:00  INFO 95963 --- [           main] j.LocalContainerEntityManagerFactoryBean : Initialized JPA EntityManagerFactory for persistence unit 'default'
2025-09-10T15:12:29.465-07:00  INFO 95963 --- [           main] c.a.springboot.service.S3StorageService  : Initializing S3Client for region: us-east-2
2025-09-10T15:12:30.128-07:00  INFO 95963 --- [           main] c.a.springboot.service.S3StorageService  : S3Client initialized successfully for region: us-east-2
2025-09-10T15:12:31.168-07:00  INFO 95963 --- [           main] c.a.s.service.BedrockEnrichmentService   : BedrockEnrichmentService initialized with region: us-east-1 and model ID: anthropic.claude-3-5-sonnet-20240620-v1:0
2025-09-10T15:12:33.029-07:00  WARN 95963 --- [           main] JpaBaseConfiguration$JpaWebConfiguration : spring.jpa.open-in-view is enabled by default. Therefore, database queries may be performed during view rendering. Explicitly configure spring.jpa.open-in-view to disable this warning
2025-09-10T15:12:34.494-07:00  INFO 95963 --- [           main] efaultSchemaResourceGraphQlSourceBuilder : Loaded 1 resource(s) in the GraphQL schema.
2025-09-10T15:12:34.697-07:00  INFO 95963 --- [           main] o.s.b.a.g.GraphQlAutoConfiguration       : GraphQL schema inspection:
	Unmapped fields: {Query=[search]}
	Unmapped registrations: {}
	Unmapped arguments: {}
	Skipped types: []
2025-09-10T15:12:34.819-07:00  INFO 95963 --- [           main] s.b.a.g.s.GraphQlWebMvcAutoConfiguration : GraphQL endpoint HTTP POST /graphql
2025-09-10T15:12:38.218-07:00  INFO 95963 --- [           main] o.s.b.a.e.web.EndpointLinksResolver      : Exposing 1 endpoint beneath base path '/actuator'
2025-09-10T15:12:38.547-07:00  INFO 95963 --- [           main] c.a.s.SpringbootApplicationTests         : Started SpringbootApplicationTests in 19.497 seconds (process running for 21.587)
2025-09-10T15:12:38.741-07:00  INFO 95963 --- [           main] o.s.b.a.b.JobLauncherApplicationRunner   : Running default command line with: []
]]></system-out>
    <system-err><![CDATA[Mockito is currently self-attaching to enable the inline-mock-maker. This will no longer work in future releases of the JDK. Please add Mockito as an agent to your build what is described in Mockito's documentation: https://javadoc.io/doc/org.mockito/mockito-core/latest/org/mockito/Mockito.html#0.3
WARNING: A Java agent has been loaded dynamically (/Users/darshanchipade/.m2/repository/net/bytebuddy/byte-buddy-agent/1.15.11/byte-buddy-agent-1.15.11.jar)
WARNING: If a serviceability tool is in use, please run with -XX:+EnableDynamicAgentLoading to hide this warning
WARNING: If a serviceability tool is not in use, please run with -Djdk.instrument.traceUsage for more information
WARNING: Dynamic loading of agents will be disallowed by default in a future release
]]></system-err>
  </testcase>
</testsuite>